{
  "userAgent": "Mozilla/5.0 (Windows NT 10.0; Win64; x64) AppleWebKit/537.36 (KHTML, like Gecko) Chrome/141.0.0.0 Safari/537.36",
  "platform": "Win32",
  "screen": "1536x864",
  "timezone": "Asia/Kabul",
  "language": "en-US",
  "languages": [
    "en-US",
    "en"
  ],
  "cookieEnabled": true,
  "online": true,
  "doNotTrack": null,
  "hardware": "12 هسته",
  "memory": "8GB",
  "network": {
    "type": "4g",
    "downlink": "0.5Mbps",
    "rtt": "200ms",
    "saveData": false
  },
  "battery": {
    "level": "100%",
    "charging": true
  },
  "webrtc_ips": [],
  "timestamp": "2025-11-06T17:46:11.771Z",
  "ip": "::1"
}

{
  "userAgent": "Mozilla/5.0 (Windows NT 10.0; Win64; x64) AppleWebKit/537.36 (KHTML, like Gecko) Chrome/141.0.0.0 Safari/537.36",
  "platform": "Win32",
  "screen": "1536x864",
  "timezone": "Asia/Kabul",
  "language": "en-US",
  "languages": [
    "en-US",
    "en"
  ],
  "cookieEnabled": true,
  "online": true,
  "doNotTrack": null,
  "hardware": "12 هسته",
  "memory": "8GB",
  "network": {
    "type": "3g",
    "downlink": "1.3Mbps",
    "rtt": "300ms",
    "saveData": false
  },
  "battery": {
    "level": "100%",
    "charging": true
  },
  "webrtc_ips": [],
  "timestamp": "2025-11-06T18:59:43.788Z",
  "ip": "127.0.0.1"
}

